::1 - - [05/Jun/2017:14:32:07 +0800] "GET / HTTP/1.1" 200 5393
::1 - - [05/Jun/2017:14:32:07 +0800] "GET /wampthemes/classic/style.css HTTP/1.1" 200 2466
::1 - - [05/Jun/2017:14:32:07 +0800] "GET /index.php?img=favicon HTTP/1.1" 200 1429
::1 - - [05/Jun/2017:14:32:07 +0800] "GET /index.php?img=gifLogo HTTP/1.1" 200 4549
::1 - - [05/Jun/2017:14:32:07 +0800] "GET /index.php?img=pngPlugin HTTP/1.1" 200 548
::1 - - [05/Jun/2017:14:32:07 +0800] "GET /index.php?img=pngWrench HTTP/1.1" 200 741
::1 - - [05/Jun/2017:14:32:07 +0800] "GET /index.php?img=pngFolderGo HTTP/1.1" 200 694
::1 - - [05/Jun/2017:14:32:30 +0800] "GET / HTTP/1.1" 200 5393
::1 - - [05/Jun/2017:14:32:30 +0800] "GET /index.php?img=gifLogo HTTP/1.1" 200 4549
::1 - - [05/Jun/2017:14:32:30 +0800] "GET /index.php?img=pngPlugin HTTP/1.1" 200 548
::1 - - [05/Jun/2017:14:32:30 +0800] "GET /index.php?img=pngWrench HTTP/1.1" 200 741
::1 - - [05/Jun/2017:14:32:30 +0800] "GET /index.php?img=pngFolderGo HTTP/1.1" 200 694
::1 - - [05/Jun/2017:14:32:34 +0800] "GET / HTTP/1.1" 200 5393
::1 - - [05/Jun/2017:14:32:34 +0800] "GET /index.php?img=gifLogo HTTP/1.1" 200 4549
::1 - - [05/Jun/2017:14:32:34 +0800] "GET /index.php?img=pngPlugin HTTP/1.1" 200 548
::1 - - [05/Jun/2017:14:32:34 +0800] "GET /index.php?img=pngWrench HTTP/1.1" 200 741
::1 - - [05/Jun/2017:14:32:34 +0800] "GET /index.php?img=pngFolderGo HTTP/1.1" 200 694
::1 - - [05/Jun/2017:14:35:45 +0800] "GET / HTTP/1.1" 200 5393
::1 - - [05/Jun/2017:14:35:45 +0800] "GET /wampthemes/classic/style.css HTTP/1.1" 200 2466
::1 - - [05/Jun/2017:14:35:45 +0800] "GET /index.php?img=gifLogo HTTP/1.1" 200 4549
::1 - - [05/Jun/2017:14:35:45 +0800] "GET /index.php?img=pngPlugin HTTP/1.1" 200 548
::1 - - [05/Jun/2017:14:35:45 +0800] "GET /index.php?img=pngWrench HTTP/1.1" 200 741
::1 - - [05/Jun/2017:14:35:45 +0800] "GET /index.php?img=pngFolderGo HTTP/1.1" 200 694
::1 - - [05/Jun/2017:14:35:45 +0800] "GET /index.php?img=favicon HTTP/1.1" 200 1429
::1 - - [05/Jun/2017:14:41:10 +0800] "GET /phpmyadmin/ HTTP/1.1" 200 3144
::1 - - [05/Jun/2017:14:41:10 +0800] "GET /phpmyadmin/themes/pmahomme/jquery/jquery-ui-1.11.4.css HTTP/1.1" 200 35020
::1 - - [05/Jun/2017:14:41:10 +0800] "GET /phpmyadmin/js/codemirror/lib/codemirror.css?v=4.6.4 HTTP/1.1" 200 7771
::1 - - [05/Jun/2017:14:41:10 +0800] "GET /phpmyadmin/js/codemirror/addon/hint/show-hint.css?v=4.6.4 HTTP/1.1" 200 662
::1 - - [05/Jun/2017:14:41:10 +0800] "GET /phpmyadmin/js/codemirror/addon/lint/lint.css?v=4.6.4 HTTP/1.1" 200 3068
::1 - - [05/Jun/2017:14:41:10 +0800] "GET /phpmyadmin/phpmyadmin.css.php?nocache=4414076554ltr HTTP/1.1" 200 20060
::1 - - [05/Jun/2017:14:41:10 +0800] "GET /phpmyadmin/js/get_scripts.js.php?scripts%5B%5D=jquery/jquery.debounce-1.0.5.js&scripts%5B%5D=menu-resizer.js&scripts%5B%5D=cross_framing_protection.js&scripts%5B%5D=rte.js&scripts%5B%5D=tracekit/tracekit.js&scripts%5B%5D=error_report.js&scripts%5B%5D=config.js&scripts%5B%5D=doclinks.js&scripts%5B%5D=functions.js&scripts%5B%5D=navigation.js&v=4.6.4 HTTP/1.1" 200 80939
::1 - - [05/Jun/2017:14:41:10 +0800] "GET /phpmyadmin/js/get_scripts.js.php?scripts%5B%5D=indexes.js&scripts%5B%5D=common.js&scripts%5B%5D=page_settings.js&scripts%5B%5D=codemirror/lib/codemirror.js&scripts%5B%5D=codemirror/mode/sql/sql.js&scripts%5B%5D=codemirror/addon/runmode/runmode.js&scripts%5B%5D=codemirror/addon/hint/show-hint.js&scripts%5B%5D=codemirror/addon/hint/sql-hint.js&scripts%5B%5D=codemirror/addon/lint/lint.js&scripts%5B%5D=codemirror/addon/lint/sql-lint.js&v=4.6.4 HTTP/1.1" 200 118880
::1 - - [05/Jun/2017:14:41:10 +0800] "GET /phpmyadmin/js/get_scripts.js.php?scripts%5B%5D=jquery/jquery-2.1.4.min.js&scripts%5B%5D=sprintf.js&scripts%5B%5D=ajax.js&scripts%5B%5D=keyhandler.js&scripts%5B%5D=jquery/jquery-ui-1.11.4.min.js&scripts%5B%5D=jquery/jquery.cookie.js&scripts%5B%5D=jquery/jquery.mousewheel.js&scripts%5B%5D=jquery/jquery.event.drag-2.2.js&scripts%5B%5D=jquery/jquery-ui-timepicker-addon.js&scripts%5B%5D=jquery/jquery.ba-hashchange-1.3.js&v=4.6.4 HTTP/1.1" 200 134175
::1 - - [05/Jun/2017:14:41:10 +0800] "GET /phpmyadmin/js/whitelist.php?lang=zh_CN&db=&collation_connection=utf8_unicode_ci&token=c336b5d2fa44322fbcdfa1709aa93e5d&v=4.6.4 HTTP/1.1" 200 475
::1 - - [05/Jun/2017:14:41:10 +0800] "GET /phpmyadmin/js/get_scripts.js.php?scripts%5B%5D=console.js&v=4.6.4 HTTP/1.1" 200 10706
::1 - - [05/Jun/2017:14:41:11 +0800] "GET /phpmyadmin/js/get_image.js.php?theme=pmahomme&v=4.6.4 HTTP/1.1" 200 1833
::1 - - [05/Jun/2017:14:41:11 +0800] "GET /phpmyadmin/themes/pmahomme/img/logo_right.png HTTP/1.1" 200 4548
::1 - - [05/Jun/2017:14:41:11 +0800] "GET /phpmyadmin/themes/dot.gif HTTP/1.1" 200 43
::1 - - [05/Jun/2017:14:41:11 +0800] "GET /phpmyadmin/themes/pmahomme/css/printview.css?v=4.6.4 HTTP/1.1" 200 2611
::1 - - [05/Jun/2017:14:41:10 +0800] "GET /phpmyadmin/js/messages.php?lang=zh_CN&db=&collation_connection=utf8_unicode_ci&token=c336b5d2fa44322fbcdfa1709aa93e5d&v=4.6.4 HTTP/1.1" 200 9286
::1 - - [05/Jun/2017:14:41:11 +0800] "GET /phpmyadmin/themes/pmahomme/img/sprites.png?v=4.6.4 HTTP/1.1" 200 46733
::1 - - [05/Jun/2017:14:41:12 +0800] "GET /phpmyadmin/favicon.ico HTTP/1.1" 200 22486
::1 - - [05/Jun/2017:14:41:52 +0800] "POST /phpmyadmin/index.php HTTP/1.1" 302 25
::1 - - [05/Jun/2017:14:41:54 +0800] "GET /phpmyadmin/index.php?lang=zh_CN&collation_connection=utf8mb4_unicode_ci&token=519fd2d7108fcc62cf00f4dfcf97e131 HTTP/1.1" 200 13530
::1 - - [05/Jun/2017:14:41:54 +0800] "GET /phpmyadmin/themes/pmahomme/jquery/jquery-ui-1.11.4.css HTTP/1.1" 200 35020
::1 - - [05/Jun/2017:14:41:54 +0800] "GET /phpmyadmin/js/codemirror/lib/codemirror.css?v=4.6.4 HTTP/1.1" 200 7771
::1 - - [05/Jun/2017:14:41:54 +0800] "GET /phpmyadmin/js/codemirror/addon/hint/show-hint.css?v=4.6.4 HTTP/1.1" 200 662
::1 - - [05/Jun/2017:14:41:54 +0800] "GET /phpmyadmin/js/codemirror/addon/lint/lint.css?v=4.6.4 HTTP/1.1" 200 3068
::1 - - [05/Jun/2017:14:41:54 +0800] "GET /phpmyadmin/js/whitelist.php?lang=zh_CN&db=&token=519fd2d7108fcc62cf00f4dfcf97e131&v=4.6.4 HTTP/1.1" 200 475
::1 - - [05/Jun/2017:14:41:54 +0800] "GET /phpmyadmin/phpmyadmin.css.php?nocache=5910721468ltr HTTP/1.1" 200 20060
::1 - - [05/Jun/2017:14:41:54 +0800] "GET /phpmyadmin/js/get_scripts.js.php?scripts%5B%5D=jquery/jquery-2.1.4.min.js&scripts%5B%5D=sprintf.js&scripts%5B%5D=ajax.js&scripts%5B%5D=keyhandler.js&scripts%5B%5D=jquery/jquery-ui-1.11.4.min.js&scripts%5B%5D=jquery/jquery.cookie.js&scripts%5B%5D=jquery/jquery.mousewheel.js&scripts%5B%5D=jquery/jquery.event.drag-2.2.js&scripts%5B%5D=jquery/jquery-ui-timepicker-addon.js&scripts%5B%5D=jquery/jquery.ba-hashchange-1.3.js&v=4.6.4 HTTP/1.1" 200 134175
::1 - - [05/Jun/2017:14:41:54 +0800] "GET /phpmyadmin/js/get_scripts.js.php?scripts%5B%5D=jquery/jquery.debounce-1.0.5.js&scripts%5B%5D=menu-resizer.js&scripts%5B%5D=cross_framing_protection.js&scripts%5B%5D=rte.js&scripts%5B%5D=tracekit/tracekit.js&scripts%5B%5D=error_report.js&scripts%5B%5D=config.js&scripts%5B%5D=doclinks.js&scripts%5B%5D=functions.js&scripts%5B%5D=navigation.js&v=4.6.4 HTTP/1.1" 200 80939
::1 - - [05/Jun/2017:14:41:54 +0800] "GET /phpmyadmin/js/get_scripts.js.php?scripts%5B%5D=indexes.js&scripts%5B%5D=common.js&scripts%5B%5D=page_settings.js&scripts%5B%5D=codemirror/lib/codemirror.js&scripts%5B%5D=codemirror/mode/sql/sql.js&scripts%5B%5D=codemirror/addon/runmode/runmode.js&scripts%5B%5D=codemirror/addon/hint/show-hint.js&scripts%5B%5D=codemirror/addon/hint/sql-hint.js&scripts%5B%5D=codemirror/addon/lint/lint.js&scripts%5B%5D=codemirror/addon/lint/sql-lint.js&v=4.6.4 HTTP/1.1" 200 118880
::1 - - [05/Jun/2017:14:41:54 +0800] "GET /phpmyadmin/js/get_scripts.js.php?scripts%5B%5D=console.js&v=4.6.4 HTTP/1.1" 200 10706
::1 - - [05/Jun/2017:14:41:55 +0800] "GET /phpmyadmin/js/get_image.js.php?theme=pmahomme&v=4.6.4 HTTP/1.1" 200 1833
::1 - - [05/Jun/2017:14:41:54 +0800] "GET /phpmyadmin/js/messages.php?lang=zh_CN&db=&token=519fd2d7108fcc62cf00f4dfcf97e131&v=4.6.4 HTTP/1.1" 200 9286
::1 - - [05/Jun/2017:14:41:58 +0800] "GET /phpmyadmin/themes/pmahomme/img/logo_left.png HTTP/1.1" 200 2234
::1 - - [05/Jun/2017:14:41:58 +0800] "GET /phpmyadmin/themes/dot.gif HTTP/1.1" 200 43
::1 - - [05/Jun/2017:14:41:58 +0800] "GET /phpmyadmin/themes/pmahomme/img/ajax_clock_small.gif HTTP/1.1" 200 1810
::1 - - [05/Jun/2017:14:41:58 +0800] "GET /phpmyadmin/themes/pmahomme/img/s_collapseall.png HTTP/1.1" 200 170
::1 - - [05/Jun/2017:14:41:58 +0800] "GET /phpmyadmin/themes/pmahomme/img/b_plugin.png HTTP/1.1" 200 591
::1 - - [05/Jun/2017:14:41:58 +0800] "GET /phpmyadmin/themes/pmahomme/css/printview.css?v=4.6.4 HTTP/1.1" 200 2611
::1 - - [05/Jun/2017:14:41:58 +0800] "GET /phpmyadmin/themes/pmahomme/img/left_nav_bg.png HTTP/1.1" 200 257
::1 - - [05/Jun/2017:14:41:58 +0800] "GET /phpmyadmin/themes/pmahomme/img/sprites.png?v=4.6.4 HTTP/1.1" 200 46733
::1 - - [05/Jun/2017:14:41:59 +0800] "GET /phpmyadmin/favicon.ico HTTP/1.1" 200 22486
::1 - - [05/Jun/2017:14:41:59 +0800] "POST /phpmyadmin/db_structure.php?ajax_request=1&favorite_table=1&sync_favorite_tables=1&token=519fd2d7108fcc62cf00f4dfcf97e131 HTTP/1.1" 200 171
::1 - - [05/Jun/2017:14:41:59 +0800] "POST /phpmyadmin/version_check.php HTTP/1.1" 200 28
::1 - - [05/Jun/2017:17:23:34 +0800] "GET / HTTP/1.1" 200 5393
::1 - - [05/Jun/2017:17:23:34 +0800] "GET /wampthemes/classic/style.css HTTP/1.1" 200 2466
::1 - - [05/Jun/2017:17:23:34 +0800] "GET /index.php?img=pngFolderGo HTTP/1.1" 200 694
::1 - - [05/Jun/2017:17:23:34 +0800] "GET /index.php?img=pngWrench HTTP/1.1" 200 741
::1 - - [05/Jun/2017:17:23:34 +0800] "GET /index.php?img=pngPlugin HTTP/1.1" 200 548
::1 - - [05/Jun/2017:17:23:34 +0800] "GET /index.php?img=gifLogo HTTP/1.1" 200 4549
::1 - - [05/Jun/2017:17:23:34 +0800] "GET /index.php?img=favicon HTTP/1.1" 200 1429
::1 - - [05/Jun/2017:17:23:46 +0800] "GET / HTTP/1.1" 200 5393
::1 - - [05/Jun/2017:17:23:46 +0800] "GET /index.php?img=pngFolderGo HTTP/1.1" 200 694
::1 - - [05/Jun/2017:17:23:46 +0800] "GET /index.php?img=gifLogo HTTP/1.1" 200 4549
::1 - - [05/Jun/2017:17:23:46 +0800] "GET /index.php?img=pngWrench HTTP/1.1" 200 741
::1 - - [05/Jun/2017:17:23:46 +0800] "GET /index.php?img=pngPlugin HTTP/1.1" 200 548
10.2.72.134 - - [05/Jun/2017:17:24:49 +0800] "GET / HTTP/1.1" 200 5393
10.2.72.134 - - [05/Jun/2017:17:24:49 +0800] "GET /wampthemes/classic/style.css HTTP/1.1" 200 2466
10.2.72.134 - - [05/Jun/2017:17:24:49 +0800] "GET /index.php?img=pngFolderGo HTTP/1.1" 200 694
10.2.72.134 - - [05/Jun/2017:17:24:49 +0800] "GET /index.php?img=pngWrench HTTP/1.1" 200 741
10.2.72.134 - - [05/Jun/2017:17:24:49 +0800] "GET /index.php?img=pngPlugin HTTP/1.1" 200 548
10.2.72.134 - - [05/Jun/2017:17:24:49 +0800] "GET /index.php?img=gifLogo HTTP/1.1" 200 4549
10.2.72.134 - - [05/Jun/2017:17:24:49 +0800] "GET /index.php?img=favicon HTTP/1.1" 200 1429
10.2.72.134 - - [05/Jun/2017:17:25:12 +0800] "GET / HTTP/1.1" 200 5393
10.2.72.134 - - [05/Jun/2017:17:25:12 +0800] "GET /index.php?img=pngFolderGo HTTP/1.1" 200 694
10.2.72.134 - - [05/Jun/2017:17:25:12 +0800] "GET /index.php?img=pngWrench HTTP/1.1" 200 741
10.2.72.134 - - [05/Jun/2017:17:25:12 +0800] "GET /index.php?img=pngPlugin HTTP/1.1" 200 548
10.2.72.134 - - [05/Jun/2017:17:25:12 +0800] "GET /index.php?img=gifLogo HTTP/1.1" 200 4549
::1 - - [06/Jun/2017:18:13:40 +0800] "GET /phpmyadmin/ HTTP/1.1" 200 3119
::1 - - [06/Jun/2017:18:13:42 +0800] "GET /phpmyadmin/themes/pmahomme/jquery/jquery-ui-1.11.4.css HTTP/1.1" 200 35020
::1 - - [06/Jun/2017:18:13:42 +0800] "GET /phpmyadmin/js/codemirror/addon/hint/show-hint.css?v=4.6.4 HTTP/1.1" 200 662
::1 - - [06/Jun/2017:18:13:42 +0800] "GET /phpmyadmin/js/codemirror/addon/lint/lint.css?v=4.6.4 HTTP/1.1" 200 3068
::1 - - [06/Jun/2017:18:13:42 +0800] "GET /phpmyadmin/js/codemirror/lib/codemirror.css?v=4.6.4 HTTP/1.1" 200 7771
::1 - - [06/Jun/2017:18:13:42 +0800] "GET /phpmyadmin/js/get_scripts.js.php?scripts%5B%5D=jquery/jquery.debounce-1.0.5.js&scripts%5B%5D=menu-resizer.js&scripts%5B%5D=cross_framing_protection.js&scripts%5B%5D=rte.js&scripts%5B%5D=tracekit/tracekit.js&scripts%5B%5D=error_report.js&scripts%5B%5D=config.js&scripts%5B%5D=doclinks.js&scripts%5B%5D=functions.js&scripts%5B%5D=navigation.js&v=4.6.4 HTTP/1.1" 200 80939
::1 - - [06/Jun/2017:18:13:42 +0800] "GET /phpmyadmin/js/get_scripts.js.php?scripts%5B%5D=jquery/jquery-2.1.4.min.js&scripts%5B%5D=sprintf.js&scripts%5B%5D=ajax.js&scripts%5B%5D=keyhandler.js&scripts%5B%5D=jquery/jquery-ui-1.11.4.min.js&scripts%5B%5D=jquery/jquery.cookie.js&scripts%5B%5D=jquery/jquery.mousewheel.js&scripts%5B%5D=jquery/jquery.event.drag-2.2.js&scripts%5B%5D=jquery/jquery-ui-timepicker-addon.js&scripts%5B%5D=jquery/jquery.ba-hashchange-1.3.js&v=4.6.4 HTTP/1.1" 200 134175
::1 - - [06/Jun/2017:18:13:42 +0800] "GET /phpmyadmin/js/whitelist.php?lang=zh_CN&db=&token=69bc2002ad572b4ddf82271e6cad19f7&v=4.6.4 HTTP/1.1" 200 475
::1 - - [06/Jun/2017:18:13:42 +0800] "GET /phpmyadmin/js/get_scripts.js.php?scripts%5B%5D=console.js&v=4.6.4 HTTP/1.1" 200 10706
::1 - - [06/Jun/2017:18:13:42 +0800] "GET /phpmyadmin/js/get_scripts.js.php?scripts%5B%5D=indexes.js&scripts%5B%5D=common.js&scripts%5B%5D=page_settings.js&scripts%5B%5D=codemirror/lib/codemirror.js&scripts%5B%5D=codemirror/mode/sql/sql.js&scripts%5B%5D=codemirror/addon/runmode/runmode.js&scripts%5B%5D=codemirror/addon/hint/show-hint.js&scripts%5B%5D=codemirror/addon/hint/sql-hint.js&scripts%5B%5D=codemirror/addon/lint/lint.js&scripts%5B%5D=codemirror/addon/lint/sql-lint.js&v=4.6.4 HTTP/1.1" 200 118880
::1 - - [06/Jun/2017:18:13:42 +0800] "GET /phpmyadmin/phpmyadmin.css.php?nocache=4414076554ltr HTTP/1.1" 200 20060
::1 - - [06/Jun/2017:18:13:42 +0800] "GET /phpmyadmin/js/messages.php?lang=zh_CN&db=&token=69bc2002ad572b4ddf82271e6cad19f7&v=4.6.4 HTTP/1.1" 200 9286
::1 - - [06/Jun/2017:18:13:44 +0800] "GET /phpmyadmin/themes/pmahomme/img/logo_right.png HTTP/1.1" 200 4548
::1 - - [06/Jun/2017:18:13:44 +0800] "GET /phpmyadmin/themes/dot.gif HTTP/1.1" 200 43
::1 - - [06/Jun/2017:18:13:44 +0800] "GET /phpmyadmin/themes/pmahomme/css/printview.css?v=4.6.4 HTTP/1.1" 200 2611
::1 - - [06/Jun/2017:18:13:43 +0800] "GET /phpmyadmin/js/get_image.js.php?theme=pmahomme&v=4.6.4 HTTP/1.1" 200 1833
::1 - - [06/Jun/2017:18:13:44 +0800] "GET /phpmyadmin/themes/pmahomme/img/sprites.png?v=4.6.4 HTTP/1.1" 200 46733
::1 - - [06/Jun/2017:18:13:46 +0800] "POST /phpmyadmin/index.php HTTP/1.1" 302 25
::1 - - [06/Jun/2017:18:13:46 +0800] "POST /phpmyadmin/index.php HTTP/1.1" 302 25
::1 - - [06/Jun/2017:18:13:46 +0800] "GET /phpmyadmin/index.php?token=5408dd61aacae9b0851e8f8644f57060 HTTP/1.1" 200 13570
::1 - - [06/Jun/2017:18:13:48 +0800] "GET /phpmyadmin/phpmyadmin.css.php?nocache=5910820581ltr HTTP/1.1" 200 20060
::1 - - [06/Jun/2017:18:13:48 +0800] "GET /phpmyadmin/js/messages.php?lang=zh_CN&db=&token=5408dd61aacae9b0851e8f8644f57060&v=4.6.4 HTTP/1.1" 200 9286
::1 - - [06/Jun/2017:18:13:48 +0800] "GET /phpmyadmin/themes/pmahomme/img/logo_left.png HTTP/1.1" 200 2234
::1 - - [06/Jun/2017:18:13:48 +0800] "GET /phpmyadmin/themes/pmahomme/img/ajax_clock_small.gif HTTP/1.1" 200 1810
::1 - - [06/Jun/2017:18:13:48 +0800] "GET /phpmyadmin/themes/pmahomme/img/s_collapseall.png HTTP/1.1" 200 170
::1 - - [06/Jun/2017:18:13:48 +0800] "GET /phpmyadmin/themes/pmahomme/img/b_plugin.png HTTP/1.1" 200 591
::1 - - [06/Jun/2017:18:13:48 +0800] "GET /phpmyadmin/js/whitelist.php?lang=zh_CN&db=&token=5408dd61aacae9b0851e8f8644f57060&v=4.6.4 HTTP/1.1" 200 475
::1 - - [06/Jun/2017:18:13:48 +0800] "GET /phpmyadmin/themes/pmahomme/img/left_nav_bg.png HTTP/1.1" 200 257
::1 - - [06/Jun/2017:18:13:49 +0800] "POST /phpmyadmin/db_structure.php?ajax_request=1&favorite_table=1&sync_favorite_tables=1&token=5408dd61aacae9b0851e8f8644f57060 HTTP/1.1" 200 171
::1 - - [06/Jun/2017:18:13:49 +0800] "POST /phpmyadmin/version_check.php HTTP/1.1" 200 28
::1 - - [06/Jun/2017:18:13:50 +0800] "GET /phpmyadmin/db_structure.php?server=1&db=test&token=5408dd61aacae9b0851e8f8644f57060&ajax_request=true&ajax_page_request=true&_nocache=1496744030513375872 HTTP/1.1" 200 4776
::1 - - [06/Jun/2017:18:13:51 +0800] "GET /phpmyadmin/themes/pmahomme/img/arrow_ltr.png HTTP/1.1" 200 139
::1 - - [06/Jun/2017:18:13:51 +0800] "GET /phpmyadmin/js/get_scripts.js.php?scripts%5B%5D=db_structure.js&scripts%5B%5D=tbl_change.js&call_done=1&v=4.6.4 HTTP/1.1" 200 10577
::1 - - [06/Jun/2017:18:13:51 +0800] "GET /phpmyadmin/navigation.php?ajax_request=1&token=5408dd61aacae9b0851e8f8644f57060&aPath=cm9vdA%3D%3D.dGVzdA%3D%3D&vPath=cm9vdA%3D%3D.dGVzdA%3D%3D&pos=0&pos2_name=&pos2_value=&searchClause=&searchClause2=&_nocache=149674403137227607 HTTP/1.1" 200 1756
::1 - - [06/Jun/2017:18:13:53 +0800] "GET /phpmyadmin/sql.php?db=test&token=5408dd61aacae9b0851e8f8644f57060&goto=db_structure.php&table=user&pos=0&ajax_request=true&ajax_page_request=true&_nocache=1496744033014824900 HTTP/1.1" 200 7071
::1 - - [06/Jun/2017:18:13:54 +0800] "GET /phpmyadmin/themes/pmahomme/img/s_fulltext.png HTTP/1.1" 200 193
::1 - - [06/Jun/2017:18:13:54 +0800] "GET /phpmyadmin/js/get_scripts.js.php?scripts%5B%5D=jquery/jquery.uitablefilter.js&scripts%5B%5D=gis_data_editor.js&scripts%5B%5D=multi_column_sort.js&scripts%5B%5D=makegrid.js&scripts%5B%5D=sql.js&call_done=1&v=4.6.4 HTTP/1.1" 200 31146
::1 - - [06/Jun/2017:18:13:54 +0800] "GET /phpmyadmin/themes/pmahomme/img/col_pointer.png HTTP/1.1" 200 113
::1 - - [06/Jun/2017:18:13:54 +0800] "GET /phpmyadmin/themes/pmahomme/img/col_drop.png HTTP/1.1" 200 132
::1 - - [06/Jun/2017:18:13:54 +0800] "GET /phpmyadmin/index.php?ajax_request=1&recent_table=1&token=5408dd61aacae9b0851e8f8644f57060&no_debug=true&_nocache=1496744034318645224 HTTP/1.1" 200 1470
::1 - - [06/Jun/2017:18:13:56 +0800] "GET /phpmyadmin/sql.php?db=test&token=5408dd61aacae9b0851e8f8644f57060&goto=db_structure.php&table=user&pos=0 HTTP/1.1" 200 12695
::1 - - [06/Jun/2017:18:13:56 +0800] "GET /phpmyadmin/js/whitelist.php?lang=zh_CN&db=test&token=5408dd61aacae9b0851e8f8644f57060&v=4.6.4 HTTP/1.1" 200 475
::1 - - [06/Jun/2017:18:13:56 +0800] "GET /phpmyadmin/js/get_scripts.js.php?scripts%5B%5D=indexes.js&scripts%5B%5D=common.js&scripts%5B%5D=page_settings.js&scripts%5B%5D=jquery/jquery.uitablefilter.js&scripts%5B%5D=tbl_change.js&scripts%5B%5D=gis_data_editor.js&scripts%5B%5D=multi_column_sort.js&scripts%5B%5D=makegrid.js&scripts%5B%5D=sql.js&scripts%5B%5D=codemirror/lib/codemirror.js&v=4.6.4 HTTP/1.1" 200 140181
::1 - - [06/Jun/2017:18:13:56 +0800] "GET /phpmyadmin/js/get_scripts.js.php?scripts%5B%5D=codemirror/mode/sql/sql.js&scripts%5B%5D=codemirror/addon/runmode/runmode.js&scripts%5B%5D=codemirror/addon/hint/show-hint.js&scripts%5B%5D=codemirror/addon/hint/sql-hint.js&scripts%5B%5D=codemirror/addon/lint/lint.js&scripts%5B%5D=codemirror/addon/lint/sql-lint.js&scripts%5B%5D=console.js&v=4.6.4 HTTP/1.1" 200 26342
::1 - - [06/Jun/2017:18:13:56 +0800] "GET /phpmyadmin/js/messages.php?lang=zh_CN&db=test&token=5408dd61aacae9b0851e8f8644f57060&v=4.6.4 HTTP/1.1" 200 9286
::1 - - [06/Jun/2017:18:13:57 +0800] "POST /phpmyadmin/navigation.php?ajax_request=1&token=5408dd61aacae9b0851e8f8644f57060 HTTP/1.1" 200 2394
::1 - - [06/Jun/2017:18:13:57 +0800] "GET /phpmyadmin/favicon.ico HTTP/1.1" 200 22486
::1 - - [06/Jun/2017:18:13:57 +0800] "GET /phpmyadmin/index.php?ajax_request=1&recent_table=1&token=5408dd61aacae9b0851e8f8644f57060&no_debug=true&_nocache=1496744037445949161 HTTP/1.1" 200 1470
::1 - - [06/Jun/2017:18:14:02 +0800] "GET /phpmyadmin/sql.php?db=test&token=5408dd61aacae9b0851e8f8644f57060&goto=db_structure.php&table=user&pos=0 HTTP/1.1" 200 12695
::1 - - [06/Jun/2017:18:14:02 +0800] "POST /phpmyadmin/navigation.php?ajax_request=1&token=5408dd61aacae9b0851e8f8644f57060 HTTP/1.1" 200 2394
::1 - - [06/Jun/2017:18:14:03 +0800] "GET /phpmyadmin/favicon.ico HTTP/1.1" 200 22486
::1 - - [06/Jun/2017:18:14:02 +0800] "GET /phpmyadmin/index.php?ajax_request=1&recent_table=1&token=5408dd61aacae9b0851e8f8644f57060&no_debug=true&_nocache=1496744042960221562 HTTP/1.1" 200 1470
::1 - - [06/Jun/2017:18:15:33 +0800] "GET /phpmyadmin/sql.php?db=test&token=5408dd61aacae9b0851e8f8644f57060&goto=db_structure.php&table=user&pos=0 HTTP/1.1" 200 12793
::1 - - [06/Jun/2017:18:15:34 +0800] "POST /phpmyadmin/navigation.php?ajax_request=1&token=5408dd61aacae9b0851e8f8644f57060 HTTP/1.1" 200 2394
::1 - - [06/Jun/2017:18:15:34 +0800] "GET /phpmyadmin/index.php?ajax_request=1&recent_table=1&token=5408dd61aacae9b0851e8f8644f57060&no_debug=true&_nocache=1496744134779852514 HTTP/1.1" 200 1470
::1 - - [06/Jun/2017:18:15:35 +0800] "GET /phpmyadmin/favicon.ico HTTP/1.1" 200 22486
::1 - - [06/Jun/2017:18:16:38 +0800] "GET /phpmyadmin/sql.php?db=test&token=5408dd61aacae9b0851e8f8644f57060&goto=db_structure.php&table=user&pos=0 HTTP/1.1" 200 12793
::1 - - [06/Jun/2017:18:16:39 +0800] "POST /phpmyadmin/navigation.php?ajax_request=1&token=5408dd61aacae9b0851e8f8644f57060 HTTP/1.1" 200 2394
::1 - - [06/Jun/2017:18:16:39 +0800] "GET /phpmyadmin/favicon.ico HTTP/1.1" 200 22486
::1 - - [06/Jun/2017:18:16:39 +0800] "GET /phpmyadmin/index.php?ajax_request=1&recent_table=1&token=5408dd61aacae9b0851e8f8644f57060&no_debug=true&_nocache=1496744199635804711 HTTP/1.1" 200 1470
::1 - - [06/Jun/2017:18:16:56 +0800] "GET /phpmyadmin/sql.php?db=test&token=5408dd61aacae9b0851e8f8644f57060&goto=db_structure.php&table=user&pos=0 HTTP/1.1" 200 12791
::1 - - [06/Jun/2017:18:16:57 +0800] "POST /phpmyadmin/navigation.php?ajax_request=1&token=5408dd61aacae9b0851e8f8644f57060 HTTP/1.1" 200 2394
::1 - - [06/Jun/2017:18:16:57 +0800] "GET /phpmyadmin/favicon.ico HTTP/1.1" 200 22486
::1 - - [06/Jun/2017:18:16:57 +0800] "GET /phpmyadmin/index.php?ajax_request=1&recent_table=1&token=5408dd61aacae9b0851e8f8644f57060&no_debug=true&_nocache=149674421752043992 HTTP/1.1" 200 1470
::1 - - [06/Jun/2017:18:40:53 +0800] "POST /phpmyadmin/index.php HTTP/1.1" 200 1466
::1 - - [07/Jun/2017:10:15:18 +0800] "GET / HTTP/1.1" 200 5393
::1 - - [07/Jun/2017:10:15:18 +0800] "GET /wampthemes/classic/style.css HTTP/1.1" 200 2466
::1 - - [07/Jun/2017:10:15:18 +0800] "GET /index.php?img=gifLogo HTTP/1.1" 200 4549
::1 - - [07/Jun/2017:10:15:18 +0800] "GET /index.php?img=pngPlugin HTTP/1.1" 200 548
::1 - - [07/Jun/2017:10:15:18 +0800] "GET /index.php?img=pngWrench HTTP/1.1" 200 741
::1 - - [07/Jun/2017:10:15:18 +0800] "GET /index.php?img=pngFolderGo HTTP/1.1" 200 694
