2017-06-06 15:07:30,067 - root - DEBUG - logger debug message
2017-06-06 15:07:30,070 - root - INFO - logger info message
2017-06-06 15:07:30,074 - root - WARNING - logger warning message
2017-06-06 15:07:30,077 - root - ERROR - logger error message
2017-06-06 15:07:30,080 - root - CRITICAL - logger critical message
2017-06-06 15:07:30,082 - myLogger - WARNING - logger1 warning message
2017-06-06 15:07:30,082 - myLogger - WARNING - logger1 warning message
2017-06-06 15:07:30,085 - myLogger - ERROR - logger1 error message
2017-06-06 15:07:30,085 - myLogger - ERROR - logger1 error message
2017-06-06 15:07:30,089 - myLogger - CRITICAL - logger1 critical message
2017-06-06 15:07:30,089 - myLogger - CRITICAL - logger1 critical message
2017-06-06 15:07:30,122 - myLogger - WARNING - logger2 warning message
2017-06-06 15:07:30,122 - myLogger - WARNING - logger2 warning message
2017-06-06 15:07:30,126 - myLogger - ERROR - logger2 error message
2017-06-06 15:07:30,126 - myLogger - ERROR - logger2 error message
2017-06-06 15:07:30,132 - myLogger - CRITICAL - logger2 critical message
2017-06-06 15:07:30,132 - myLogger - CRITICAL - logger2 critical message
2017-06-06 15:07:30,138 - myLogger - WARNING - logger3 warning message
2017-06-06 15:07:30,138 - myLogger - WARNING - logger3 warning message
2017-06-06 15:07:30,142 - myLogger - ERROR - logger3 error message
2017-06-06 15:07:30,142 - myLogger - ERROR - logger3 error message
2017-06-06 15:07:30,148 - myLogger - CRITICAL - logger3 critical message
2017-06-06 15:07:30,148 - myLogger - CRITICAL - logger3 critical message
2017-06-06 15:07:30,152 - myLogger - WARNING - logger4 warning message
2017-06-06 15:07:30,152 - myLogger - WARNING - logger4 warning message
2017-06-06 15:07:30,156 - myLogger - ERROR - logger4 error message
2017-06-06 15:07:30,156 - myLogger - ERROR - logger4 error message
2017-06-06 15:07:30,159 - myLogger - CRITICAL - logger4 critical message
2017-06-06 15:07:30,159 - myLogger - CRITICAL - logger4 critical message
2017-06-06 15:07:30,163 - myLogger.child - DEBUG - logger5 debug message
2017-06-06 15:07:30,163 - myLogger.child - DEBUG - logger5 debug message
2017-06-06 15:07:30,163 - myLogger.child - DEBUG - logger5 debug message
2017-06-06 15:07:30,167 - myLogger.child - INFO - logger5 info message
2017-06-06 15:07:30,167 - myLogger.child - INFO - logger5 info message
2017-06-06 15:07:30,167 - myLogger.child - INFO - logger5 info message
2017-06-06 15:07:30,172 - myLogger.child - WARNING - logger5 warning message
2017-06-06 15:07:30,172 - myLogger.child - WARNING - logger5 warning message
2017-06-06 15:07:30,172 - myLogger.child - WARNING - logger5 warning message
2017-06-06 15:07:30,176 - myLogger.child - ERROR - logger5 error message
2017-06-06 15:07:30,176 - myLogger.child - ERROR - logger5 error message
2017-06-06 15:07:30,176 - myLogger.child - ERROR - logger5 error message
2017-06-06 15:07:30,180 - myLogger.child - CRITICAL - logger5 critical message
2017-06-06 15:07:30,180 - myLogger.child - CRITICAL - logger5 critical message
2017-06-06 15:07:30,180 - myLogger.child - CRITICAL - logger5 critical message
2017-06-06 15:15:50,131 - root - DEBUG - logger debug message
2017-06-06 15:15:50,131 - root - DEBUG - logger debug message
2017-06-06 15:15:50,135 - root - INFO - logger info message
2017-06-06 15:15:50,135 - root - INFO - logger info message
2017-06-06 15:15:50,142 - root - WARNING - logger warning message
2017-06-06 15:15:50,142 - root - WARNING - logger warning message
2017-06-06 15:15:50,145 - root - ERROR - logger error message
2017-06-06 15:15:50,145 - root - ERROR - logger error message
2017-06-06 15:15:50,149 - root - CRITICAL - logger critical message
2017-06-06 15:15:50,149 - root - CRITICAL - logger critical message
2017-06-06 15:15:50,154 - myLogger - WARNING - logger1 warning message
2017-06-06 15:15:50,154 - myLogger - WARNING - logger1 warning message
2017-06-06 15:15:50,154 - myLogger - WARNING - logger1 warning message
2017-06-06 15:15:50,154 - myLogger - WARNING - logger1 warning message
2017-06-06 15:15:50,162 - myLogger - ERROR - logger1 error message
2017-06-06 15:15:50,162 - myLogger - ERROR - logger1 error message
2017-06-06 15:15:50,162 - myLogger - ERROR - logger1 error message
2017-06-06 15:15:50,162 - myLogger - ERROR - logger1 error message
2017-06-06 15:15:50,167 - myLogger - CRITICAL - logger1 critical message
2017-06-06 15:15:50,167 - myLogger - CRITICAL - logger1 critical message
2017-06-06 15:15:50,167 - myLogger - CRITICAL - logger1 critical message
2017-06-06 15:15:50,167 - myLogger - CRITICAL - logger1 critical message
2017-06-06 15:15:50,176 - myLogger - WARNING - logger2 warning message
2017-06-06 15:15:50,176 - myLogger - WARNING - logger2 warning message
2017-06-06 15:15:50,176 - myLogger - WARNING - logger2 warning message
2017-06-06 15:15:50,176 - myLogger - WARNING - logger2 warning message
2017-06-06 15:15:50,182 - myLogger - ERROR - logger2 error message
2017-06-06 15:15:50,182 - myLogger - ERROR - logger2 error message
2017-06-06 15:15:50,182 - myLogger - ERROR - logger2 error message
2017-06-06 15:15:50,182 - myLogger - ERROR - logger2 error message
2017-06-06 15:15:50,188 - myLogger - CRITICAL - logger2 critical message
2017-06-06 15:15:50,188 - myLogger - CRITICAL - logger2 critical message
2017-06-06 15:15:50,188 - myLogger - CRITICAL - logger2 critical message
2017-06-06 15:15:50,188 - myLogger - CRITICAL - logger2 critical message
2017-06-06 15:15:50,193 - myLogger - WARNING - logger3 warning message
2017-06-06 15:15:50,193 - myLogger - WARNING - logger3 warning message
2017-06-06 15:15:50,193 - myLogger - WARNING - logger3 warning message
2017-06-06 15:15:50,193 - myLogger - WARNING - logger3 warning message
2017-06-06 15:15:50,198 - myLogger - ERROR - logger3 error message
2017-06-06 15:15:50,198 - myLogger - ERROR - logger3 error message
2017-06-06 15:15:50,198 - myLogger - ERROR - logger3 error message
2017-06-06 15:15:50,198 - myLogger - ERROR - logger3 error message
2017-06-06 15:15:50,204 - myLogger - CRITICAL - logger3 critical message
2017-06-06 15:15:50,204 - myLogger - CRITICAL - logger3 critical message
2017-06-06 15:15:50,204 - myLogger - CRITICAL - logger3 critical message
2017-06-06 15:15:50,204 - myLogger - CRITICAL - logger3 critical message
2017-06-06 15:15:50,209 - myLogger - WARNING - logger4 warning message
2017-06-06 15:15:50,209 - myLogger - WARNING - logger4 warning message
2017-06-06 15:15:50,209 - myLogger - WARNING - logger4 warning message
2017-06-06 15:15:50,209 - myLogger - WARNING - logger4 warning message
2017-06-06 15:15:50,214 - myLogger - ERROR - logger4 error message
2017-06-06 15:15:50,214 - myLogger - ERROR - logger4 error message
2017-06-06 15:15:50,214 - myLogger - ERROR - logger4 error message
2017-06-06 15:15:50,214 - myLogger - ERROR - logger4 error message
2017-06-06 15:15:50,221 - myLogger - CRITICAL - logger4 critical message
2017-06-06 15:15:50,221 - myLogger - CRITICAL - logger4 critical message
2017-06-06 15:15:50,221 - myLogger - CRITICAL - logger4 critical message
2017-06-06 15:15:50,221 - myLogger - CRITICAL - logger4 critical message
2017-06-06 15:15:50,231 - myLogger.child - DEBUG - logger5 debug message
2017-06-06 15:15:50,231 - myLogger.child - DEBUG - logger5 debug message
2017-06-06 15:15:50,231 - myLogger.child - DEBUG - logger5 debug message
2017-06-06 15:15:50,231 - myLogger.child - DEBUG - logger5 debug message
2017-06-06 15:15:50,231 - myLogger.child - DEBUG - logger5 debug message
2017-06-06 15:15:50,231 - myLogger.child - DEBUG - logger5 debug message
2017-06-06 15:15:50,239 - myLogger.child - INFO - logger5 info message
2017-06-06 15:15:50,239 - myLogger.child - INFO - logger5 info message
2017-06-06 15:15:50,239 - myLogger.child - INFO - logger5 info message
2017-06-06 15:15:50,239 - myLogger.child - INFO - logger5 info message
2017-06-06 15:15:50,239 - myLogger.child - INFO - logger5 info message
2017-06-06 15:15:50,239 - myLogger.child - INFO - logger5 info message
2017-06-06 15:15:50,246 - myLogger.child - WARNING - logger5 warning message
2017-06-06 15:15:50,246 - myLogger.child - WARNING - logger5 warning message
2017-06-06 15:15:50,246 - myLogger.child - WARNING - logger5 warning message
2017-06-06 15:15:50,246 - myLogger.child - WARNING - logger5 warning message
2017-06-06 15:15:50,246 - myLogger.child - WARNING - logger5 warning message
2017-06-06 15:15:50,246 - myLogger.child - WARNING - logger5 warning message
2017-06-06 15:15:50,251 - myLogger.child - ERROR - logger5 error message
2017-06-06 15:15:50,251 - myLogger.child - ERROR - logger5 error message
2017-06-06 15:15:50,251 - myLogger.child - ERROR - logger5 error message
2017-06-06 15:15:50,251 - myLogger.child - ERROR - logger5 error message
2017-06-06 15:15:50,251 - myLogger.child - ERROR - logger5 error message
2017-06-06 15:15:50,251 - myLogger.child - ERROR - logger5 error message
2017-06-06 15:15:50,257 - myLogger.child - CRITICAL - logger5 critical message
2017-06-06 15:15:50,257 - myLogger.child - CRITICAL - logger5 critical message
2017-06-06 15:15:50,257 - myLogger.child - CRITICAL - logger5 critical message
2017-06-06 15:15:50,257 - myLogger.child - CRITICAL - logger5 critical message
2017-06-06 15:15:50,257 - myLogger.child - CRITICAL - logger5 critical message
2017-06-06 15:15:50,257 - myLogger.child - CRITICAL - logger5 critical message
